<?xml version="1.0" encoding="UTF-8"?>
<!-- Generated by org.testng.reporters.JUnitReportReporter -->
<testsuite hostname="Abhi-Lappy" failures="0" tests="1" name="tests.test1" time="6.166" errors="0" timestamp="2024-03-16T18:07:21 AEDT" skipped="0">
  <testcase classname="tests.test1" name="launchApplication" time="6.166"/>
</testsuite> <!-- tests.test1 -->
